<?xml version="1.0" encoding="UTF-8"?>
<!-- Generated by org.testng.reporters.JUnitReportReporter -->
<testsuite hostname="DESKTOP-61RJRA8" failures="0" tests="2" name="TestsClasses.UploadFileTest2" time="35.985" errors="0" timestamp="2022-05-22T18:52:28 EDT" skipped="0">
  <testcase classname="TestsClasses.UploadFileTest2" name="sampleTest" time="0.005"/>
  <system-out/>
  <testcase classname="TestsClasses.UploadFileTest2" name="addVideoTest" time="35.980"/>
  <system-out/>
</testsuite> <!-- TestsClasses.UploadFileTest2 -->
