<?xml version="1.0" encoding="UTF-8"?>
<!-- Generated by org.testng.reporters.JUnitReportReporter -->
<testsuite hostname="DESKTOP-61RJRA8" failures="0" tests="2" name="TestsClasses.LoginPageTest" time="15.845" errors="0" timestamp="2022-05-22T16:46:41 EDT" skipped="0">
  <testcase classname="TestsClasses.LoginPageTest" name="sampleTest" time="0.004"/>
  <system-out/>
  <testcase classname="TestsClasses.LoginPageTest" name="login" time="15.841"/>
  <system-out/>
</testsuite> <!-- TestsClasses.LoginPageTest -->
