<?xml version="1.0" encoding="UTF-8"?>
<!-- Generated by org.testng.reporters.JUnitReportReporter -->
<testsuite hostname="DESKTOP-61RJRA8" failures="0" tests="2" name="TestsClasses.UploadFileTest" time="35.827" errors="0" timestamp="2022-05-22T17:46:17 EDT" skipped="0">
  <testcase classname="TestsClasses.UploadFileTest" name="addVideoTest" time="35.824"/>
  <system-out/>
  <testcase classname="TestsClasses.UploadFileTest" name="sampleTest" time="0.003"/>
  <system-out/>
</testsuite> <!-- TestsClasses.UploadFileTest -->
